<?xml version="1.0" encoding="UTF-8"?>
<!-- Generated by org.testng.reporters.JUnitReportReporter -->
<testsuite hostname="loadrunner-PC" name="Sunday5.RadioButton1" tests="1" failures="0" timestamp="11 Feb 2017 08:03:08 GMT" time="25.011" errors="0">
  <testcase name="f" time="25.011" classname="Sunday5.RadioButton1"/>
</testsuite> <!-- Sunday5.RadioButton1 -->
