<?xml version="1.0" encoding="UTF-8"?>
<!-- Generated by org.testng.reporters.JUnitReportReporter -->
<testsuite hostname="loadrunner-PC" name="saturday_11.Excel_jxl" tests="1" failures="0" timestamp="11 Feb 2017 11:25:34 GMT" time="15.062" errors="0">
  <testcase name="f" time="15.062" classname="saturday_11.Excel_jxl"/>
</testsuite> <!-- saturday_11.Excel_jxl -->
