<?xml version="1.0" encoding="UTF-8"?>
<!-- Generated by org.testng.reporters.JUnitReportReporter -->
<testsuite hostname="loadrunner-PC" name="testng.Frames_Paytm" tests="1" failures="0" timestamp="11 Feb 2017 08:03:08 GMT" time="29.819" errors="0">
  <testcase name="f" time="29.819" classname="testng.Frames_Paytm"/>
</testsuite> <!-- testng.Frames_Paytm -->
