<?xml version="1.0" encoding="UTF-8"?>
<!-- Generated by org.testng.reporters.JUnitReportReporter -->
<testsuite hostname="loadrunner-PC" name="pom.POM_Execution" tests="1" failures="0" timestamp="12 Feb 2017 10:35:14 GMT" time="14.009" errors="0">
  <testcase name="f" time="14.009" classname="pom.POM_Execution"/>
</testsuite> <!-- pom.POM_Execution -->
