<?xml version="1.0" encoding="UTF-8"?>
<!-- Generated by org.testng.reporters.JUnitReportReporter -->
<testsuite hostname="loadrunner-PC" name="desktop.AutoIt_Upload" tests="1" failures="0" timestamp="5 Feb 2017 11:09:58 GMT" time="28.126" errors="0">
  <testcase name="f" time="28.126" classname="desktop.AutoIt_Upload"/>
</testsuite> <!-- desktop.AutoIt_Upload -->
