<?xml version="1.0" encoding="UTF-8"?>
<!-- Generated by org.testng.reporters.JUnitReportReporter -->
<testsuite hostname="loadrunner-PC" name="testng.Creation_Xpath" tests="1" failures="0" timestamp="11 Feb 2017 08:03:08 GMT" time="33.182" errors="0">
  <testcase name="f" time="33.182" classname="testng.Creation_Xpath"/>
</testsuite> <!-- testng.Creation_Xpath -->
