<?xml version="1.0" encoding="UTF-8"?>
<!-- Generated by org.testng.reporters.JUnitReportReporter -->
<testsuite hostname="loadrunner-PC" name="saturday_11.Robot_SaveFile" tests="1" failures="0" timestamp="11 Feb 2017 06:55:34 GMT" time="24.021" errors="0">
  <testcase name="f" time="24.021" classname="saturday_11.Robot_SaveFile"/>
</testsuite> <!-- saturday_11.Robot_SaveFile -->
