<?xml version="1.0" encoding="UTF-8"?>
<!-- Generated by org.testng.reporters.JUnitReportReporter -->
<testsuite hostname="loadrunner-PC" name="Sunday5.CssSelector12" tests="1" failures="0" timestamp="5 Feb 2017 06:01:42 GMT" time="30.644" errors="0">
  <testcase name="f" time="30.644" classname="Sunday5.CssSelector12"/>
</testsuite> <!-- Sunday5.CssSelector12 -->
