<?xml version="1.0" encoding="UTF-8"?>
<!-- Generated by org.testng.reporters.JUnitReportReporter -->
<testsuite hostname="loadrunner-PC" name="testng.NewTest" tests="4" failures="0" timestamp="11 Feb 2017 08:03:08 GMT" time="0.002" errors="0">
  <testcase name="c" time="0.000" classname="testng.NewTest"/>
  <testcase name="b" time="0.000" classname="testng.NewTest"/>
  <testcase name="f" time="0.001" classname="testng.NewTest"/>
  <testcase name="a" time="0.001" classname="testng.NewTest"/>
</testsuite> <!-- testng.NewTest -->
