<?xml version="1.0" encoding="UTF-8"?>
<!-- Generated by org.testng.reporters.JUnitReportReporter -->
<testsuite hostname="loadrunner-PC" name="sat_links.gmailotherwindos" tests="1" failures="0" timestamp="12 Feb 2017 11:14:43 GMT" time="12.880" errors="0">
  <testcase name="f" time="12.880" classname="sat_links.gmailotherwindos"/>
</testsuite> <!-- sat_links.gmailotherwindos -->
