<?xml version="1.0" encoding="UTF-8"?>
<!-- Generated by org.testng.reporters.JUnitReportReporter -->
<testsuite hostname="loadrunner-PC" name="saturday_11.Robot_Mouse" tests="1" failures="0" timestamp="11 Feb 2017 07:17:10 GMT" time="18.571" errors="0">
  <testcase name="f" time="18.571" classname="saturday_11.Robot_Mouse"/>
</testsuite> <!-- saturday_11.Robot_Mouse -->
