<?xml version="1.0" encoding="UTF-8"?>
<!-- Generated by org.testng.reporters.JUnitReportReporter -->
<testsuite hostname="loadrunner-PC" name="sunday_12.Excel_MultpleData" tests="1" failures="0" timestamp="12 Feb 2017 06:21:17 GMT" time="23.825" errors="0">
  <testcase name="f" time="23.825" classname="sunday_12.Excel_MultpleData"/>
</testsuite> <!-- sunday_12.Excel_MultpleData -->
