<?xml version="1.0" encoding="UTF-8"?>
<!-- Generated by org.testng.reporters.JUnitReportReporter -->
<testsuite hostname="loadrunner-PC" name="desktop.DownloadFile_AutoIT" tests="1" failures="0" timestamp="5 Feb 2017 11:17:21 GMT" time="13.900" errors="0">
  <testcase name="f" time="13.900" classname="desktop.DownloadFile_AutoIT"/>
</testsuite> <!-- desktop.DownloadFile_AutoIT -->
