<?xml version="1.0" encoding="UTF-8"?>
<!-- Generated by org.testng.reporters.JUnitReportReporter -->
<testsuite hostname="loadrunner-PC" name="Sunday5.Tours_Popup" tests="1" failures="0" timestamp="5 Feb 2017 08:07:04 GMT" time="33.154" errors="0">
  <testcase name="popup" time="33.154" classname="Sunday5.Tours_Popup"/>
</testsuite> <!-- Sunday5.Tours_Popup -->
