<?xml version="1.0" encoding="UTF-8"?>
<!-- Generated by org.testng.reporters.JUnitReportReporter -->
<testsuite hostname="loadrunner-PC" name="Sunday5.Calander_Webtable" tests="1" failures="0" timestamp="5 Feb 2017 08:36:13 GMT" time="15.725" errors="0">
  <testcase name="calanderTest" time="15.725" classname="Sunday5.Calander_Webtable"/>
</testsuite> <!-- Sunday5.Calander_Webtable -->
