<?xml version="1.0" encoding="UTF-8"?>
<!-- Generated by org.testng.reporters.JUnitReportReporter -->
<testsuite hostname="loadrunner-PC" name="Sunday5.DynamicXpath_Ajax" tests="1" failures="0" timestamp="5 Feb 2017 06:39:27 GMT" time="35.051" errors="0">
  <testcase name="f" time="35.051" classname="Sunday5.DynamicXpath_Ajax"/>
</testsuite> <!-- Sunday5.DynamicXpath_Ajax -->
